0 info it worked if it ends with ok
1 verbose cli [ '/usr/bin/nodejs', '/usr/bin/npm', 'start' ]
2 info using npm@3.8.5
3 info using node@v4.4.2
4 verbose run-script [ 'prestart', 'start', 'poststart' ]
5 info lifecycle daotao-api@1.0.0~prestart: daotao-api@1.0.0
6 silly lifecycle daotao-api@1.0.0~prestart: no script for prestart, continuing
7 info lifecycle daotao-api@1.0.0~start: daotao-api@1.0.0
8 verbose lifecycle daotao-api@1.0.0~start: unsafe-perm in lifecycle true
9 verbose lifecycle daotao-api@1.0.0~start: PATH: /usr/lib/node_modules/npm/bin/node-gyp-bin:/home/linh/daotao-api/node_modules/.bin:/usr/bin:/usr/local/sbin:/usr/local/bin:/usr/sbin:/usr/bin:/sbin:/bin:/usr/games:/usr/local/games
10 verbose lifecycle daotao-api@1.0.0~start: CWD: /home/linh/daotao-api
11 silly lifecycle daotao-api@1.0.0~start: Args: [ '-c', 'node app.js' ]
12 silly lifecycle daotao-api@1.0.0~start: Returned: code: 1  signal: null
13 info lifecycle daotao-api@1.0.0~start: Failed to exec start script
14 verbose stack Error: daotao-api@1.0.0 start: `node app.js`
14 verbose stack Exit status 1
14 verbose stack     at EventEmitter.<anonymous> (/usr/lib/node_modules/npm/lib/utils/lifecycle.js:239:16)
14 verbose stack     at emitTwo (events.js:87:13)
14 verbose stack     at EventEmitter.emit (events.js:172:7)
14 verbose stack     at ChildProcess.<anonymous> (/usr/lib/node_modules/npm/lib/utils/spawn.js:24:14)
14 verbose stack     at emitTwo (events.js:87:13)
14 verbose stack     at ChildProcess.emit (events.js:172:7)
14 verbose stack     at maybeClose (internal/child_process.js:827:16)
14 verbose stack     at Process.ChildProcess._handle.onexit (internal/child_process.js:211:5)
15 verbose pkgid daotao-api@1.0.0
16 verbose cwd /home/linh/daotao-api
17 error Linux 4.2.0-35-generic
18 error argv "/usr/bin/nodejs" "/usr/bin/npm" "start"
19 error node v4.4.2
20 error npm  v3.8.5
21 error code ELIFECYCLE
22 error daotao-api@1.0.0 start: `node app.js`
22 error Exit status 1
23 error Failed at the daotao-api@1.0.0 start script 'node app.js'.
23 error Make sure you have the latest version of node.js and npm installed.
23 error If you do, this is most likely a problem with the daotao-api package,
23 error not with npm itself.
23 error Tell the author that this fails on your system:
23 error     node app.js
23 error You can get information on how to open an issue for this project with:
23 error     npm bugs daotao-api
23 error Or if that isn't available, you can get their info via:
23 error     npm owner ls daotao-api
23 error There is likely additional logging output above.
24 verbose exit [ 1, true ]
